0 info it worked if it ends with ok
1 verbose cli [ 'D:\\Program Files\\Node.js\\node.exe',
1 verbose cli   'D:\\Program Files\\Node.js\\node_modules\\npm\\bin\\npm-cli.js',
1 verbose cli   'run',
1 verbose cli   'client' ]
2 info using npm@3.10.10
3 info using node@v6.11.4
4 verbose run-script [ 'preclient', 'client', 'postclient' ]
5 info lifecycle mern@1.0.0~preclient: mern@1.0.0
6 silly lifecycle mern@1.0.0~preclient: no script for preclient, continuing
7 info lifecycle mern@1.0.0~client: mern@1.0.0
8 verbose lifecycle mern@1.0.0~client: unsafe-perm in lifecycle true
9 verbose lifecycle mern@1.0.0~client: PATH: D:\Program Files\Node.js\node_modules\npm\bin\node-gyp-bin;C:\Users\JC\Desktop\Final Project\React App\node_modules\.bin;C:\Users\JC\Desktop\Final Project\React App\node_modules\.bin;C:\Users\JC\AppData\Local\Yarn\config\link\node_modules\.bin;C:\Users\JC\Desktop\Final Project\React App\node_modules\.bin;C:\Users\JC\AppData\Local\Yarn\config\link\node_modules\.bin;C:\Users\JC\AppData\Local\Yarn\bin;D:\Program Files\lib\node_modules\npm\bin\node-gyp-bin;D:\Program Files\Node.js\node_modules\npm\bin\node-gyp-bin;C:\Users\JC\bin;D:\Program Files\Git\mingw64\bin;D:\Program Files\Git\usr\local\bin;D:\Program Files\Git\usr\bin;D:\Program Files\Git\usr\bin;D:\Program Files\Git\mingw64\bin;D:\Program Files\Git\usr\bin;C:\Users\JC\bin;C:\Program Files (x86)\Razer Chroma SDK\bin;C:\Program Files\Razer Chroma SDK\bin;C:\ProgramData\Oracle\Java\javapath;C:\Windows\system32;C:\Windows;C:\Windows\System32\Wbem;C:\Windows\System32\WindowsPowerShell\v1.0;C:\Program Files (x86)\NVIDIA Corporation\PhysX\Common;D:\Program Files\Git\cmd;C:\Windows\system32\config\systemprofile\AppData\Local\Microsoft\WindowsApps;D:\Program Files\Node.js;C:\WINDOWS\system32;C:\WINDOWS;C:\WINDOWS\System32\Wbem;C:\WINDOWS\System32\WindowsPowerShell\v1.0;C:\Program Files\MongoDB\Server\3.4\bin;C:\Users\JC\AppData\Local\Microsoft\WindowsApps;D:\Program Files\Heroku\bin;C:\Users\JC\AppData\Roaming\npm;C:\Program Files\Heroku\bin;D:\Program Files\Git\usr\bin\vendor_perl;D:\Program Files\Git\usr\bin\core_perl
10 verbose lifecycle mern@1.0.0~client: CWD: C:\Users\JC\Desktop\Final Project\React App
11 silly lifecycle mern@1.0.0~client: Args: [ '/d /s /c', 'cd client && npm run start' ]
12 silly lifecycle mern@1.0.0~client: Returned: code: 3221225786  signal: null
13 info lifecycle mern@1.0.0~client: Failed to exec client script
14 verbose stack Error: mern@1.0.0 client: `cd client && npm run start`
14 verbose stack Exit status 3221225786
14 verbose stack     at EventEmitter.<anonymous> (D:\Program Files\Node.js\node_modules\npm\lib\utils\lifecycle.js:255:16)
14 verbose stack     at emitTwo (events.js:106:13)
14 verbose stack     at EventEmitter.emit (events.js:191:7)
14 verbose stack     at ChildProcess.<anonymous> (D:\Program Files\Node.js\node_modules\npm\lib\utils\spawn.js:40:14)
14 verbose stack     at emitTwo (events.js:106:13)
14 verbose stack     at ChildProcess.emit (events.js:191:7)
14 verbose stack     at maybeClose (internal/child_process.js:920:16)
14 verbose stack     at Process.ChildProcess._handle.onexit (internal/child_process.js:230:5)
15 verbose pkgid mern@1.0.0
16 verbose cwd C:\Users\JC\Desktop\Final Project\React App
17 error Windows_NT 10.0.16299
18 error argv "D:\\Program Files\\Node.js\\node.exe" "D:\\Program Files\\Node.js\\node_modules\\npm\\bin\\npm-cli.js" "run" "client"
19 error node v6.11.4
20 error npm  v3.10.10
21 error code ELIFECYCLE
22 error mern@1.0.0 client: `cd client && npm run start`
22 error Exit status 3221225786
23 error Failed at the mern@1.0.0 client script 'cd client && npm run start'.
23 error Make sure you have the latest version of node.js and npm installed.
23 error If you do, this is most likely a problem with the mern package,
23 error not with npm itself.
23 error Tell the author that this fails on your system:
23 error     cd client && npm run start
23 error You can get information on how to open an issue for this project with:
23 error     npm bugs mern
23 error Or if that isn't available, you can get their info via:
23 error     npm owner ls mern
23 error There is likely additional logging output above.
24 verbose exit [ 1, true ]
